  Boisson.cpp
  string_view is only available with C++17 or later.
c:\users\sofia\documents\inf1010\tp4\boisson.h(17): error C2061: syntax error: identifier 'string_view'
c:\users\sofia\documents\inf1010\tp4\boisson.h(18): error C3646: 'getNom': unknown override specifier
c:\users\sofia\documents\inf1010\tp4\boisson.h(18): error C2059: syntax error: '('
c:\users\sofia\documents\inf1010\tp4\boisson.h(18): error C2238: unexpected token(s) preceding ';'
c:\users\sofia\documents\inf1010\tp4\boisson.cpp(11): error C2065: 'string_view': undeclared identifier
c:\users\sofia\documents\inf1010\tp4\boisson.cpp(11): error C2146: syntax error: missing ')' before identifier 'nom'
c:\users\sofia\documents\inf1010\tp4\boisson.cpp(11): error C2065: 'nom': undeclared identifier
c:\users\sofia\documents\inf1010\tp4\boisson.cpp(11): error C4430: missing type specifier - int assumed. Note: C++ does not support default-int
c:\users\sofia\documents\inf1010\tp4\boisson.cpp(11): error C2065: 'prix': undeclared identifier
c:\users\sofia\documents\inf1010\tp4\boisson.cpp(12): error C2448: 'prix_': function-style initializer appears to be a function definition
c:\users\sofia\documents\inf1010\tp4\boisson.cpp(19): fatal error C1004: unexpected end-of-file found
  Client.cpp
  string_view is only available with C++17 or later.
c:\users\sofia\documents\inf1010\tp4\lecturefichierensections.h(18): error C2061: syntax error: identifier 'string_view'
c:\users\sofia\documents\inf1010\tp4\def.h(6): error C7525: inline variables require at least '/std:c++17'
c:\users\sofia\documents\inf1010\tp4\def.h(6): error C4430: missing type specifier - int assumed. Note: C++ does not support default-int
c:\users\sofia\documents\inf1010\tp4\def.h(6): error C2737: 'string_view': 'constexpr' object must be initialized
c:\users\sofia\documents\inf1010\tp4\def.h(6): error C2146: syntax error: missing ';' before identifier 'nomsDesTypesDeMenu'
c:\users\sofia\documents\inf1010\tp4\def.h(6): error C2440: 'initializing': cannot convert from 'const char [6]' to 'int'
  c:\users\sofia\documents\inf1010\tp4\def.h(6): note: There is no context in which this conversion is possible
c:\users\sofia\documents\inf1010\tp4\def.h(6): error C2440: 'initializing': cannot convert from 'const char [5]' to 'int'
  c:\users\sofia\documents\inf1010\tp4\def.h(6): note: There is no context in which this conversion is possible
c:\users\sofia\documents\inf1010\tp4\def.h(7): error C7525: inline variables require at least '/std:c++17'
c:\users\sofia\documents\inf1010\tp4\def.h(7): error C4430: missing type specifier - int assumed. Note: C++ does not support default-int
c:\users\sofia\documents\inf1010\tp4\def.h(7): error C2737: 'string_view': 'constexpr' object must be initialized
c:\users\sofia\documents\inf1010\tp4\def.h(7): error C2086: 'const int string_view': redefinition
  c:\users\sofia\documents\inf1010\tp4\def.h(6): note: see declaration of 'string_view'
c:\users\sofia\documents\inf1010\tp4\def.h(7): error C2146: syntax error: missing ';' before identifier 'entetesDesTypesDeMenu'
c:\users\sofia\documents\inf1010\tp4\def.h(7): error C2440: 'initializing': cannot convert from 'const char [7]' to 'int'
  c:\users\sofia\documents\inf1010\tp4\def.h(7): note: There is no context in which this conversion is possible
c:\users\sofia\documents\inf1010\tp4\def.h(7): error C2440: 'initializing': cannot convert from 'const char [6]' to 'int'
  c:\users\sofia\documents\inf1010\tp4\def.h(7): note: There is no context in which this conversion is possible
c:\users\sofia\documents\inf1010\tp4\plat.h(14): error C2039: 'string_view': is not a member of 'std'
  c:\program files (x86)\microsoft visual studio\2017\community\vc\tools\msvc\14.16.27023\include\sstream(14): note: see declaration of 'std'
c:\users\sofia\documents\inf1010\tp4\plat.h(14): error C7529: multiple using-declarators require at least '/std:c++17'
c:\users\sofia\documents\inf1010\tp4\plat.h(14): error C2873: 'string_view': symbol cannot be used in a using-declaration
c:\users\sofia\documents\inf1010\tp4\plat.h(19): error C2061: syntax error: identifier 'string_view'
c:\users\sofia\documents\inf1010\tp4\menu.h(34): error C2061: syntax error: identifier 'string_view'
c:\users\sofia\documents\inf1010\tp4\clientregulier.h(13): error C2504: 'Client': base class undefined
c:\users\sofia\documents\inf1010\tp4\clientregulier.h(16): error C2061: syntax error: identifier 'string_view'
c:\users\sofia\documents\inf1010\tp4\clientregulier.h(16): error C2535: 'ClientRegulier::ClientRegulier(void)': member function already defined or declared
  c:\users\sofia\documents\inf1010\tp4\clientregulier.h(15): note: see declaration of 'ClientRegulier::ClientRegulier'
c:\users\sofia\documents\inf1010\tp4\clientprestige.h(15): error C2061: syntax error: identifier 'string_view'
c:\users\sofia\documents\inf1010\tp4\clientprestige.h(15): error C2535: 'ClientPrestige::ClientPrestige(void)': member function already defined or declared
  c:\users\sofia\documents\inf1010\tp4\clientprestige.h(14): note: see declaration of 'ClientPrestige::ClientPrestige'
c:\users\sofia\documents\inf1010\tp4\restaurant.h(26): error C2061: syntax error: identifier 'string_view'
c:\users\sofia\documents\inf1010\tp4\restaurant.h(36): error C2061: syntax error: identifier 'string_view'
c:\users\sofia\documents\inf1010\tp4\restaurant.h(52): error C2061: syntax error: identifier 'string_view'
c:\users\sofia\documents\inf1010\tp4\client.h(10): error C2039: 'string_view': is not a member of 'std'
  c:\program files (x86)\microsoft visual studio\2017\community\vc\tools\msvc\14.16.27023\include\vector(20): note: see declaration of 'std'
c:\users\sofia\documents\inf1010\tp4\client.h(10): error C7529: multiple using-declarators require at least '/std:c++17'
c:\users\sofia\documents\inf1010\tp4\client.h(10): error C2873: 'string_view': symbol cannot be used in a using-declaration
c:\users\sofia\documents\inf1010\tp4\client.h(18): error C2061: syntax error: identifier 'string_view'
c:\users\sofia\documents\inf1010\tp4\client.h(18): error C2535: 'Client::Client(void)': member function already defined or declared
  c:\users\sofia\documents\inf1010\tp4\client.h(17): note: see declaration of 'Client::Client'
c:\users\sofia\documents\inf1010\tp4\client.cpp(12): error C2146: syntax error: missing ')' before identifier 'nom'
c:\users\sofia\documents\inf1010\tp4\client.cpp(13): error C2065: 'nom': undeclared identifier
c:\users\sofia\documents\inf1010\tp4\client.cpp(13): error C4430: missing type specifier - int assumed. Note: C++ does not support default-int
c:\users\sofia\documents\inf1010\tp4\client.cpp(13): error C2065: 'prenom': undeclared identifier
c:\users\sofia\documents\inf1010\tp4\client.cpp(13): error C2065: 'tailleGroupe': undeclared identifier
c:\users\sofia\documents\inf1010\tp4\client.cpp(14): error C2448: 'tailleGroupe_': function-style initializer appears to be a function definition
  ClientOccasionnel.cpp
  string_view is only available with C++17 or later.
c:\users\sofia\documents\inf1010\tp4\lecturefichierensections.h(18): error C2061: syntax error: identifier 'string_view'
c:\users\sofia\documents\inf1010\tp4\def.h(6): error C7525: inline variables require at least '/std:c++17'
c:\users\sofia\documents\inf1010\tp4\def.h(6): error C4430: missing type specifier - int assumed. Note: C++ does not support default-int
c:\users\sofia\documents\inf1010\tp4\def.h(6): error C2737: 'string_view': 'constexpr' object must be initialized
c:\users\sofia\documents\inf1010\tp4\def.h(6): error C2146: syntax error: missing ';' before identifier 'nomsDesTypesDeMenu'
c:\users\sofia\documents\inf1010\tp4\def.h(6): error C2440: 'initializing': cannot convert from 'const char [6]' to 'int'
  c:\users\sofia\documents\inf1010\tp4\def.h(6): note: There is no context in which this conversion is possible
c:\users\sofia\documents\inf1010\tp4\def.h(6): error C2440: 'initializing': cannot convert from 'const char [5]' to 'int'
  c:\users\sofia\documents\inf1010\tp4\def.h(6): note: There is no context in which this conversion is possible
c:\users\sofia\documents\inf1010\tp4\def.h(7): error C7525: inline variables require at least '/std:c++17'
c:\users\sofia\documents\inf1010\tp4\def.h(7): error C4430: missing type specifier - int assumed. Note: C++ does not support default-int
c:\users\sofia\documents\inf1010\tp4\def.h(7): error C2737: 'string_view': 'constexpr' object must be initialized
c:\users\sofia\documents\inf1010\tp4\def.h(7): error C2086: 'const int string_view': redefinition
  c:\users\sofia\documents\inf1010\tp4\def.h(6): note: see declaration of 'string_view'
c:\users\sofia\documents\inf1010\tp4\def.h(7): error C2146: syntax error: missing ';' before identifier 'entetesDesTypesDeMenu'
c:\users\sofia\documents\inf1010\tp4\def.h(7): error C2440: 'initializing': cannot convert from 'const char [7]' to 'int'
  c:\users\sofia\documents\inf1010\tp4\def.h(7): note: There is no context in which this conversion is possible
c:\users\sofia\documents\inf1010\tp4\def.h(7): error C2440: 'initializing': cannot convert from 'const char [6]' to 'int'
  c:\users\sofia\documents\inf1010\tp4\def.h(7): note: There is no context in which this conversion is possible
c:\users\sofia\documents\inf1010\tp4\plat.h(14): error C2039: 'string_view': is not a member of 'std'
  c:\program files (x86)\microsoft visual studio\2017\community\vc\tools\msvc\14.16.27023\include\sstream(14): note: see declaration of 'std'
c:\users\sofia\documents\inf1010\tp4\plat.h(14): error C7529: multiple using-declarators require at least '/std:c++17'
c:\users\sofia\documents\inf1010\tp4\plat.h(14): error C2873: 'string_view': symbol cannot be used in a using-declaration
c:\users\sofia\documents\inf1010\tp4\plat.h(19): error C2061: syntax error: identifier 'string_view'
c:\users\sofia\documents\inf1010\tp4\menu.h(34): error C2061: syntax error: identifier 'string_view'
c:\users\sofia\documents\inf1010\tp4\clientregulier.h(13): error C2504: 'Client': base class undefined
c:\users\sofia\documents\inf1010\tp4\clientregulier.h(16): error C2061: syntax error: identifier 'string_view'
c:\users\sofia\documents\inf1010\tp4\clientregulier.h(16): error C2535: 'ClientRegulier::ClientRegulier(void)': member function already defined or declared
  c:\users\sofia\documents\inf1010\tp4\clientregulier.h(15): note: see declaration of 'ClientRegulier::ClientRegulier'
c:\users\sofia\documents\inf1010\tp4\clientprestige.h(15): error C2061: syntax error: identifier 'string_view'
c:\users\sofia\documents\inf1010\tp4\clientprestige.h(15): error C2535: 'ClientPrestige::ClientPrestige(void)': member function already defined or declared
  c:\users\sofia\documents\inf1010\tp4\clientprestige.h(14): note: see declaration of 'ClientPrestige::ClientPrestige'
c:\users\sofia\documents\inf1010\tp4\restaurant.h(26): error C2061: syntax error: identifier 'string_view'
c:\users\sofia\documents\inf1010\tp4\restaurant.h(36): error C2061: syntax error: identifier 'string_view'
c:\users\sofia\documents\inf1010\tp4\restaurant.h(52): error C2061: syntax error: identifier 'string_view'
c:\users\sofia\documents\inf1010\tp4\client.h(10): error C2039: 'string_view': is not a member of 'std'
  c:\program files (x86)\microsoft visual studio\2017\community\vc\tools\msvc\14.16.27023\include\vector(20): note: see declaration of 'std'
c:\users\sofia\documents\inf1010\tp4\client.h(10): error C7529: multiple using-declarators require at least '/std:c++17'
c:\users\sofia\documents\inf1010\tp4\client.h(10): error C2873: 'string_view': symbol cannot be used in a using-declaration
c:\users\sofia\documents\inf1010\tp4\client.h(18): error C2061: syntax error: identifier 'string_view'
c:\users\sofia\documents\inf1010\tp4\client.h(18): error C2535: 'Client::Client(void)': member function already defined or declared
  c:\users\sofia\documents\inf1010\tp4\client.h(17): note: see declaration of 'Client::Client'
c:\users\sofia\documents\inf1010\tp4\clientoccasionnel.h(13): error C2061: syntax error: identifier 'string_view'
c:\users\sofia\documents\inf1010\tp4\clientoccasionnel.cpp(7): error C2146: syntax error: missing ')' before identifier 'nom'
c:\users\sofia\documents\inf1010\tp4\clientoccasionnel.cpp(8): error C2143: syntax error: missing ';' before '{'
c:\users\sofia\documents\inf1010\tp4\clientoccasionnel.cpp(8): error C2447: '{': missing function header (old-style formal list?)
c:\users\sofia\documents\inf1010\tp4\clientoccasionnel.cpp(23): fatal error C1075: '{': no matching token found
  ClientPrestige.cpp
  string_view is only available with C++17 or later.
c:\users\sofia\documents\inf1010\tp4\lecturefichierensections.h(18): error C2061: syntax error: identifier 'string_view'
c:\users\sofia\documents\inf1010\tp4\def.h(6): error C7525: inline variables require at least '/std:c++17'
c:\users\sofia\documents\inf1010\tp4\def.h(6): error C4430: missing type specifier - int assumed. Note: C++ does not support default-int
c:\users\sofia\documents\inf1010\tp4\def.h(6): error C2737: 'string_view': 'constexpr' object must be initialized
c:\users\sofia\documents\inf1010\tp4\def.h(6): error C2146: syntax error: missing ';' before identifier 'nomsDesTypesDeMenu'
c:\users\sofia\documents\inf1010\tp4\def.h(6): error C2440: 'initializing': cannot convert from 'const char [6]' to 'int'
  c:\users\sofia\documents\inf1010\tp4\def.h(6): note: There is no context in which this conversion is possible
c:\users\sofia\documents\inf1010\tp4\def.h(6): error C2440: 'initializing': cannot convert from 'const char [5]' to 'int'
  c:\users\sofia\documents\inf1010\tp4\def.h(6): note: There is no context in which this conversion is possible
c:\users\sofia\documents\inf1010\tp4\def.h(7): error C7525: inline variables require at least '/std:c++17'
c:\users\sofia\documents\inf1010\tp4\def.h(7): error C4430: missing type specifier - int assumed. Note: C++ does not support default-int
c:\users\sofia\documents\inf1010\tp4\def.h(7): error C2737: 'string_view': 'constexpr' object must be initialized
c:\users\sofia\documents\inf1010\tp4\def.h(7): error C2086: 'const int string_view': redefinition
  c:\users\sofia\documents\inf1010\tp4\def.h(6): note: see declaration of 'string_view'
c:\users\sofia\documents\inf1010\tp4\def.h(7): error C2146: syntax error: missing ';' before identifier 'entetesDesTypesDeMenu'
c:\users\sofia\documents\inf1010\tp4\def.h(7): error C2440: 'initializing': cannot convert from 'const char [7]' to 'int'
  c:\users\sofia\documents\inf1010\tp4\def.h(7): note: There is no context in which this conversion is possible
c:\users\sofia\documents\inf1010\tp4\def.h(7): error C2440: 'initializing': cannot convert from 'const char [6]' to 'int'
  c:\users\sofia\documents\inf1010\tp4\def.h(7): note: There is no context in which this conversion is possible
c:\users\sofia\documents\inf1010\tp4\plat.h(14): error C2039: 'string_view': is not a member of 'std'
  c:\program files (x86)\microsoft visual studio\2017\community\vc\tools\msvc\14.16.27023\include\sstream(14): note: see declaration of 'std'
c:\users\sofia\documents\inf1010\tp4\plat.h(14): error C7529: multiple using-declarators require at least '/std:c++17'
c:\users\sofia\documents\inf1010\tp4\plat.h(14): error C2873: 'string_view': symbol cannot be used in a using-declaration
c:\users\sofia\documents\inf1010\tp4\plat.h(19): error C2061: syntax error: identifier 'string_view'
c:\users\sofia\documents\inf1010\tp4\menu.h(34): error C2061: syntax error: identifier 'string_view'
c:\users\sofia\documents\inf1010\tp4\restaurant.h(26): error C2061: syntax error: identifier 'string_view'
c:\users\sofia\documents\inf1010\tp4\restaurant.h(36): error C2061: syntax error: identifier 'string_view'
c:\users\sofia\documents\inf1010\tp4\restaurant.h(52): error C2061: syntax error: identifier 'string_view'
c:\users\sofia\documents\inf1010\tp4\client.h(10): error C2039: 'string_view': is not a member of 'std'
  c:\program files (x86)\microsoft visual studio\2017\community\vc\tools\msvc\14.16.27023\include\vector(20): note: see declaration of 'std'
c:\users\sofia\documents\inf1010\tp4\client.h(10): error C7529: multiple using-declarators require at least '/std:c++17'
c:\users\sofia\documents\inf1010\tp4\client.h(10): error C2873: 'string_view': symbol cannot be used in a using-declaration
c:\users\sofia\documents\inf1010\tp4\client.h(18): error C2061: syntax error: identifier 'string_view'
c:\users\sofia\documents\inf1010\tp4\client.h(18): error C2535: 'Client::Client(void)': member function already defined or declared
  c:\users\sofia\documents\inf1010\tp4\client.h(17): note: see declaration of 'Client::Client'
c:\users\sofia\documents\inf1010\tp4\clientregulier.h(16): error C2061: syntax error: identifier 'string_view'
c:\users\sofia\documents\inf1010\tp4\clientregulier.h(16): error C2535: 'ClientRegulier::ClientRegulier(void)': member function already defined or declared
  c:\users\sofia\documents\inf1010\tp4\clientregulier.h(15): note: see declaration of 'ClientRegulier::ClientRegulier'
c:\users\sofia\documents\inf1010\tp4\clientprestige.h(15): error C2061: syntax error: identifier 'string_view'
c:\users\sofia\documents\inf1010\tp4\clientprestige.h(15): error C2535: 'ClientPrestige::ClientPrestige(void)': member function already defined or declared
  c:\users\sofia\documents\inf1010\tp4\clientprestige.h(14): note: see declaration of 'ClientPrestige::ClientPrestige'
c:\users\sofia\documents\inf1010\tp4\clientprestige.cpp(13): error C2146: syntax error: missing ')' before identifier 'nom'
c:\users\sofia\documents\inf1010\tp4\clientprestige.cpp(14): error C2143: syntax error: missing ';' before '{'
c:\users\sofia\documents\inf1010\tp4\clientprestige.cpp(14): error C2447: '{': missing function header (old-style formal list?)
  ClientRegulier.cpp
  string_view is only available with C++17 or later.
c:\users\sofia\documents\inf1010\tp4\lecturefichierensections.h(18): error C2061: syntax error: identifier 'string_view'
c:\users\sofia\documents\inf1010\tp4\def.h(6): error C7525: inline variables require at least '/std:c++17'
c:\users\sofia\documents\inf1010\tp4\def.h(6): error C4430: missing type specifier - int assumed. Note: C++ does not support default-int
c:\users\sofia\documents\inf1010\tp4\def.h(6): error C2737: 'string_view': 'constexpr' object must be initialized
c:\users\sofia\documents\inf1010\tp4\def.h(6): error C2146: syntax error: missing ';' before identifier 'nomsDesTypesDeMenu'
c:\users\sofia\documents\inf1010\tp4\def.h(6): error C2440: 'initializing': cannot convert from 'const char [6]' to 'int'
  c:\users\sofia\documents\inf1010\tp4\def.h(6): note: There is no context in which this conversion is possible
c:\users\sofia\documents\inf1010\tp4\def.h(6): error C2440: 'initializing': cannot convert from 'const char [5]' to 'int'
  c:\users\sofia\documents\inf1010\tp4\def.h(6): note: There is no context in which this conversion is possible
c:\users\sofia\documents\inf1010\tp4\def.h(7): error C7525: inline variables require at least '/std:c++17'
c:\users\sofia\documents\inf1010\tp4\def.h(7): error C4430: missing type specifier - int assumed. Note: C++ does not support default-int
c:\users\sofia\documents\inf1010\tp4\def.h(7): error C2737: 'string_view': 'constexpr' object must be initialized
c:\users\sofia\documents\inf1010\tp4\def.h(7): error C2086: 'const int string_view': redefinition
  c:\users\sofia\documents\inf1010\tp4\def.h(6): note: see declaration of 'string_view'
c:\users\sofia\documents\inf1010\tp4\def.h(7): error C2146: syntax error: missing ';' before identifier 'entetesDesTypesDeMenu'
c:\users\sofia\documents\inf1010\tp4\def.h(7): error C2440: 'initializing': cannot convert from 'const char [7]' to 'int'
  c:\users\sofia\documents\inf1010\tp4\def.h(7): note: There is no context in which this conversion is possible
c:\users\sofia\documents\inf1010\tp4\def.h(7): error C2440: 'initializing': cannot convert from 'const char [6]' to 'int'
  c:\users\sofia\documents\inf1010\tp4\def.h(7): note: There is no context in which this conversion is possible
c:\users\sofia\documents\inf1010\tp4\plat.h(14): error C2039: 'string_view': is not a member of 'std'
  c:\program files (x86)\microsoft visual studio\2017\community\vc\tools\msvc\14.16.27023\include\sstream(14): note: see declaration of 'std'
c:\users\sofia\documents\inf1010\tp4\plat.h(14): error C7529: multiple using-declarators require at least '/std:c++17'
c:\users\sofia\documents\inf1010\tp4\plat.h(14): error C2873: 'string_view': symbol cannot be used in a using-declaration
c:\users\sofia\documents\inf1010\tp4\plat.h(19): error C2061: syntax error: identifier 'string_view'
c:\users\sofia\documents\inf1010\tp4\menu.h(34): error C2061: syntax error: identifier 'string_view'
c:\users\sofia\documents\inf1010\tp4\clientprestige.h(12): error C2504: 'ClientRegulier': base class undefined
c:\users\sofia\documents\inf1010\tp4\clientprestige.h(15): error C2061: syntax error: identifier 'string_view'
c:\users\sofia\documents\inf1010\tp4\clientprestige.h(15): error C2535: 'ClientPrestige::ClientPrestige(void)': member function already defined or declared
  c:\users\sofia\documents\inf1010\tp4\clientprestige.h(14): note: see declaration of 'ClientPrestige::ClientPrestige'
c:\users\sofia\documents\inf1010\tp4\clientprestige.h(24): error C4430: missing type specifier - int assumed. Note: C++ does not support default-int
c:\users\sofia\documents\inf1010\tp4\clientprestige.h(24): error C2143: syntax error: missing ',' before '&'
c:\users\sofia\documents\inf1010\tp4\restaurant.h(26): error C2061: syntax error: identifier 'string_view'
c:\users\sofia\documents\inf1010\tp4\restaurant.h(36): error C2061: syntax error: identifier 'string_view'
c:\users\sofia\documents\inf1010\tp4\restaurant.h(52): error C2061: syntax error: identifier 'string_view'
c:\users\sofia\documents\inf1010\tp4\client.h(10): error C2039: 'string_view': is not a member of 'std'
  c:\program files (x86)\microsoft visual studio\2017\community\vc\tools\msvc\14.16.27023\include\vector(20): note: see declaration of 'std'
c:\users\sofia\documents\inf1010\tp4\client.h(10): error C7529: multiple using-declarators require at least '/std:c++17'
c:\users\sofia\documents\inf1010\tp4\client.h(10): error C2873: 'string_view': symbol cannot be used in a using-declaration
c:\users\sofia\documents\inf1010\tp4\client.h(18): error C2061: syntax error: identifier 'string_view'
c:\users\sofia\documents\inf1010\tp4\client.h(18): error C2535: 'Client::Client(void)': member function already defined or declared
  c:\users\sofia\documents\inf1010\tp4\client.h(17): note: see declaration of 'Client::Client'
c:\users\sofia\documents\inf1010\tp4\clientregulier.h(16): error C2061: syntax error: identifier 'string_view'
c:\users\sofia\documents\inf1010\tp4\clientregulier.h(16): error C2535: 'ClientRegulier::ClientRegulier(void)': member function already defined or declared
  c:\users\sofia\documents\inf1010\tp4\clientregulier.h(15): note: see declaration of 'ClientRegulier::ClientRegulier'
c:\users\sofia\documents\inf1010\tp4\clientregulier.cpp(12): error C2146: syntax error: missing ')' before identifier 'nom'
c:\users\sofia\documents\inf1010\tp4\clientregulier.cpp(13): error C2143: syntax error: missing ';' before '{'
c:\users\sofia\documents\inf1010\tp4\clientregulier.cpp(13): error C2447: '{': missing function header (old-style formal list?)
  LectureFichierEnSections.cpp
  string_view is only available with C++17 or later.
c:\users\sofia\documents\inf1010\tp4\lecturefichierensections.h(18): error C2061: syntax error: identifier 'string_view'
c:\users\sofia\documents\inf1010\tp4\lecturefichierensections.cpp(18): error C2039: 'string_view': is not a member of 'std'
  c:\program files (x86)\microsoft visual studio\2017\community\vc\tools\msvc\14.16.27023\include\sstream(14): note: see declaration of 'std'
c:\users\sofia\documents\inf1010\tp4\lecturefichierensections.cpp(18): error C2065: 'string_view': undeclared identifier
c:\users\sofia\documents\inf1010\tp4\lecturefichierensections.cpp(18): error C2146: syntax error: missing ')' before identifier 'titreSection'
c:\users\sofia\documents\inf1010\tp4\lecturefichierensections.cpp(19): error C2143: syntax error: missing ';' before '{'
c:\users\sofia\documents\inf1010\tp4\lecturefichierensections.cpp(19): error C2447: '{': missing function header (old-style formal list?)
  main.cpp
  string_view is only available with C++17 or later.
c:\users\sofia\documents\inf1010\tp4\lecturefichierensections.h(18): error C2061: syntax error: identifier 'string_view'
c:\users\sofia\documents\inf1010\tp4\def.h(6): error C7525: inline variables require at least '/std:c++17'
c:\users\sofia\documents\inf1010\tp4\def.h(6): error C4430: missing type specifier - int assumed. Note: C++ does not support default-int
c:\users\sofia\documents\inf1010\tp4\def.h(6): error C2737: 'string_view': 'constexpr' object must be initialized
c:\users\sofia\documents\inf1010\tp4\def.h(6): error C2146: syntax error: missing ';' before identifier 'nomsDesTypesDeMenu'
c:\users\sofia\documents\inf1010\tp4\def.h(6): error C2440: 'initializing': cannot convert from 'const char [6]' to 'int'
  c:\users\sofia\documents\inf1010\tp4\def.h(6): note: There is no context in which this conversion is possible
c:\users\sofia\documents\inf1010\tp4\def.h(6): error C2440: 'initializing': cannot convert from 'const char [5]' to 'int'
  c:\users\sofia\documents\inf1010\tp4\def.h(6): note: There is no context in which this conversion is possible
c:\users\sofia\documents\inf1010\tp4\def.h(7): error C7525: inline variables require at least '/std:c++17'
c:\users\sofia\documents\inf1010\tp4\def.h(7): error C4430: missing type specifier - int assumed. Note: C++ does not support default-int
c:\users\sofia\documents\inf1010\tp4\def.h(7): error C2737: 'string_view': 'constexpr' object must be initialized
c:\users\sofia\documents\inf1010\tp4\def.h(7): error C2086: 'const int string_view': redefinition
  c:\users\sofia\documents\inf1010\tp4\def.h(6): note: see declaration of 'string_view'
c:\users\sofia\documents\inf1010\tp4\def.h(7): error C2146: syntax error: missing ';' before identifier 'entetesDesTypesDeMenu'
c:\users\sofia\documents\inf1010\tp4\def.h(7): error C2440: 'initializing': cannot convert from 'const char [7]' to 'int'
  c:\users\sofia\documents\inf1010\tp4\def.h(7): note: There is no context in which this conversion is possible
c:\users\sofia\documents\inf1010\tp4\def.h(7): error C2440: 'initializing': cannot convert from 'const char [6]' to 'int'
  c:\users\sofia\documents\inf1010\tp4\def.h(7): note: There is no context in which this conversion is possible
c:\users\sofia\documents\inf1010\tp4\plat.h(14): error C2039: 'string_view': is not a member of 'std'
  c:\program files (x86)\microsoft visual studio\2017\community\vc\tools\msvc\14.16.27023\include\iostream(14): note: see declaration of 'std'
c:\users\sofia\documents\inf1010\tp4\plat.h(14): error C7529: multiple using-declarators require at least '/std:c++17'
c:\users\sofia\documents\inf1010\tp4\plat.h(14): error C2873: 'string_view': symbol cannot be used in a using-declaration
c:\users\sofia\documents\inf1010\tp4\plat.h(19): error C2061: syntax error: identifier 'string_view'
c:\users\sofia\documents\inf1010\tp4\menu.h(34): error C2061: syntax error: identifier 'string_view'
c:\users\sofia\documents\inf1010\tp4\client.h(10): error C2039: 'string_view': is not a member of 'std'
  c:\program files (x86)\microsoft visual studio\2017\community\vc\tools\msvc\14.16.27023\include\vector(20): note: see declaration of 'std'
c:\users\sofia\documents\inf1010\tp4\client.h(10): error C7529: multiple using-declarators require at least '/std:c++17'
c:\users\sofia\documents\inf1010\tp4\client.h(10): error C2873: 'string_view': symbol cannot be used in a using-declaration
c:\users\sofia\documents\inf1010\tp4\client.h(18): error C2061: syntax error: identifier 'string_view'
c:\users\sofia\documents\inf1010\tp4\client.h(18): error C2535: 'Client::Client(void)': member function already defined or declared
  c:\users\sofia\documents\inf1010\tp4\client.h(17): note: see declaration of 'Client::Client'
c:\users\sofia\documents\inf1010\tp4\clientregulier.h(16): error C2061: syntax error: identifier 'string_view'
c:\users\sofia\documents\inf1010\tp4\clientregulier.h(16): error C2535: 'ClientRegulier::ClientRegulier(void)': member function already defined or declared
  c:\users\sofia\documents\inf1010\tp4\clientregulier.h(15): note: see declaration of 'ClientRegulier::ClientRegulier'
c:\users\sofia\documents\inf1010\tp4\clientprestige.h(15): error C2061: syntax error: identifier 'string_view'
c:\users\sofia\documents\inf1010\tp4\clientprestige.h(15): error C2535: 'ClientPrestige::ClientPrestige(void)': member function already defined or declared
  c:\users\sofia\documents\inf1010\tp4\clientprestige.h(14): note: see declaration of 'ClientPrestige::ClientPrestige'
c:\users\sofia\documents\inf1010\tp4\restaurant.h(26): error C2061: syntax error: identifier 'string_view'
c:\users\sofia\documents\inf1010\tp4\restaurant.h(36): error C2061: syntax error: identifier 'string_view'
c:\users\sofia\documents\inf1010\tp4\restaurant.h(52): error C2061: syntax error: identifier 'string_view'
c:\users\sofia\documents\inf1010\tp4\clientoccasionnel.h(13): error C2061: syntax error: identifier 'string_view'
c:\users\sofia\documents\inf1010\tp4\boisson.h(17): error C2061: syntax error: identifier 'string_view'
c:\users\sofia\documents\inf1010\tp4\boisson.h(18): error C3646: 'getNom': unknown override specifier
c:\users\sofia\documents\inf1010\tp4\boisson.h(18): error C2059: syntax error: '('
c:\users\sofia\documents\inf1010\tp4\boisson.h(18): error C2238: unexpected token(s) preceding ';'
c:\users\sofia\documents\inf1010\tp4\main.cpp(23): error C2661: 'Restaurant::Restaurant': no overloaded function takes 3 arguments
c:\users\sofia\documents\inf1010\tp4\main.cpp(28): error C2661: 'ClientOccasionnel::ClientOccasionnel': no overloaded function takes 3 arguments
c:\users\sofia\documents\inf1010\tp4\main.cpp(29): error C2661: 'ClientOccasionnel::ClientOccasionnel': no overloaded function takes 3 arguments
c:\users\sofia\documents\inf1010\tp4\main.cpp(30): error C2661: 'ClientRegulier::ClientRegulier': no overloaded function takes 4 arguments
c:\users\sofia\documents\inf1010\tp4\main.cpp(31): error C2661: 'ClientRegulier::ClientRegulier': no overloaded function takes 4 arguments
c:\users\sofia\documents\inf1010\tp4\main.cpp(32): error C2661: 'ClientPrestige::ClientPrestige': no overloaded function takes 5 arguments
c:\users\sofia\documents\inf1010\tp4\main.cpp(33): error C2661: 'ClientPrestige::ClientPrestige': no overloaded function takes 5 arguments
c:\users\sofia\documents\inf1010\tp4\main.cpp(36): warning C4018: '<': signed/unsigned mismatch
c:\users\sofia\documents\inf1010\tp4\main.cpp(45): error C2660: 'Restaurant::commanderPlat': function does not take 2 arguments
  c:\users\sofia\documents\inf1010\tp4\restaurant.h(52): note: see declaration of 'Restaurant::commanderPlat'
c:\users\sofia\documents\inf1010\tp4\main.cpp(47): error C2660: 'Restaurant::commanderPlat': function does not take 2 arguments
  c:\users\sofia\documents\inf1010\tp4\restaurant.h(52): note: see declaration of 'Restaurant::commanderPlat'
c:\users\sofia\documents\inf1010\tp4\main.cpp(49): error C2660: 'Restaurant::commanderPlat': function does not take 2 arguments
  c:\users\sofia\documents\inf1010\tp4\restaurant.h(52): note: see declaration of 'Restaurant::commanderPlat'
c:\users\sofia\documents\inf1010\tp4\main.cpp(51): error C2660: 'Restaurant::commanderPlat': function does not take 2 arguments
  c:\users\sofia\documents\inf1010\tp4\restaurant.h(52): note: see declaration of 'Restaurant::commanderPlat'
c:\users\sofia\documents\inf1010\tp4\main.cpp(53): error C2660: 'Restaurant::commanderPlat': function does not take 2 arguments
  c:\users\sofia\documents\inf1010\tp4\restaurant.h(52): note: see declaration of 'Restaurant::commanderPlat'
c:\users\sofia\documents\inf1010\tp4\main.cpp(55): error C2660: 'Restaurant::commanderPlat': function does not take 2 arguments
  c:\users\sofia\documents\inf1010\tp4\restaurant.h(52): note: see declaration of 'Restaurant::commanderPlat'
c:\users\sofia\documents\inf1010\tp4\main.cpp(56): error C2660: 'Restaurant::commanderPlat': function does not take 2 arguments
  c:\users\sofia\documents\inf1010\tp4\restaurant.h(52): note: see declaration of 'Restaurant::commanderPlat'
c:\users\sofia\documents\inf1010\tp4\main.cpp(63): warning C4018: '<': signed/unsigned mismatch
c:\users\sofia\documents\inf1010\tp4\main.cpp(95): error C2661: 'Restaurant::Restaurant': no overloaded function takes 3 arguments
c:\users\sofia\documents\inf1010\tp4\main.cpp(107): error C2661: 'Boisson::Boisson': no overloaded function takes 2 arguments
c:\users\sofia\documents\inf1010\tp4\main.cpp(108): error C2664: 'void std::vector<Taxable *,std::allocator<_Ty>>::push_back(_Ty &&)': cannot convert argument 1 from 'PlatVege *' to 'const _Ty &'
          with
          [
              _Ty=Taxable *
          ]
  c:\users\sofia\documents\inf1010\tp4\main.cpp(108): note: Reason: cannot convert from 'PlatVege *' to 'const _Ty'
          with
          [
              _Ty=Taxable *
          ]
  c:\users\sofia\documents\inf1010\tp4\main.cpp(108): note: Types pointed to are unrelated; conversion requires reinterpret_cast, C-style cast or function-style cast
c:\users\sofia\documents\inf1010\tp4\main.cpp(109): error C2661: 'Boisson::Boisson': no overloaded function takes 2 arguments
c:\users\sofia\documents\inf1010\tp4\main.cpp(110): error C2664: 'void std::vector<Taxable *,std::allocator<_Ty>>::push_back(_Ty &&)': cannot convert argument 1 from 'PlatVege *' to 'const _Ty &'
          with
          [
              _Ty=Taxable *
          ]
  c:\users\sofia\documents\inf1010\tp4\main.cpp(110): note: Reason: cannot convert from 'PlatVege *' to 'const _Ty'
          with
          [
              _Ty=Taxable *
          ]
  c:\users\sofia\documents\inf1010\tp4\main.cpp(110): note: Types pointed to are unrelated; conversion requires reinterpret_cast, C-style cast or function-style cast
c:\users\sofia\documents\inf1010\tp4\main.cpp(111): error C2661: 'Boisson::Boisson': no overloaded function takes 2 arguments
c:\users\sofia\documents\inf1010\tp4\main.cpp(112): error C2664: 'void std::vector<Taxable *,std::allocator<_Ty>>::push_back(_Ty &&)': cannot convert argument 1 from 'PlatVege *' to 'const _Ty &'
          with
          [
              _Ty=Taxable *
          ]
  c:\users\sofia\documents\inf1010\tp4\main.cpp(112): note: Reason: cannot convert from 'PlatVege *' to 'const _Ty'
          with
          [
              _Ty=Taxable *
          ]
  c:\users\sofia\documents\inf1010\tp4\main.cpp(112): note: Types pointed to are unrelated; conversion requires reinterpret_cast, C-style cast or function-style cast
c:\users\sofia\documents\inf1010\tp4\main.cpp(113): error C2661: 'Boisson::Boisson': no overloaded function takes 2 arguments
  Menu.cpp
  string_view is only available with C++17 or later.
c:\users\sofia\documents\inf1010\tp4\lecturefichierensections.h(18): error C2061: syntax error: identifier 'string_view'
c:\users\sofia\documents\inf1010\tp4\def.h(6): error C7525: inline variables require at least '/std:c++17'
c:\users\sofia\documents\inf1010\tp4\def.h(6): error C4430: missing type specifier - int assumed. Note: C++ does not support default-int
c:\users\sofia\documents\inf1010\tp4\def.h(6): error C2737: 'string_view': 'constexpr' object must be initialized
c:\users\sofia\documents\inf1010\tp4\def.h(6): error C2146: syntax error: missing ';' before identifier 'nomsDesTypesDeMenu'
c:\users\sofia\documents\inf1010\tp4\def.h(6): error C2440: 'initializing': cannot convert from 'const char [6]' to 'int'
  c:\users\sofia\documents\inf1010\tp4\def.h(6): note: There is no context in which this conversion is possible
c:\users\sofia\documents\inf1010\tp4\def.h(6): error C2440: 'initializing': cannot convert from 'const char [5]' to 'int'
  c:\users\sofia\documents\inf1010\tp4\def.h(6): note: There is no context in which this conversion is possible
c:\users\sofia\documents\inf1010\tp4\def.h(7): error C7525: inline variables require at least '/std:c++17'
c:\users\sofia\documents\inf1010\tp4\def.h(7): error C4430: missing type specifier - int assumed. Note: C++ does not support default-int
c:\users\sofia\documents\inf1010\tp4\def.h(7): error C2737: 'string_view': 'constexpr' object must be initialized
c:\users\sofia\documents\inf1010\tp4\def.h(7): error C2086: 'const int string_view': redefinition
  c:\users\sofia\documents\inf1010\tp4\def.h(6): note: see declaration of 'string_view'
c:\users\sofia\documents\inf1010\tp4\def.h(7): error C2146: syntax error: missing ';' before identifier 'entetesDesTypesDeMenu'
c:\users\sofia\documents\inf1010\tp4\def.h(7): error C2440: 'initializing': cannot convert from 'const char [7]' to 'int'
  c:\users\sofia\documents\inf1010\tp4\def.h(7): note: There is no context in which this conversion is possible
c:\users\sofia\documents\inf1010\tp4\def.h(7): error C2440: 'initializing': cannot convert from 'const char [6]' to 'int'
  c:\users\sofia\documents\inf1010\tp4\def.h(7): note: There is no context in which this conversion is possible
c:\users\sofia\documents\inf1010\tp4\plat.h(14): error C2039: 'string_view': is not a member of 'std'
  c:\program files (x86)\microsoft visual studio\2017\community\vc\tools\msvc\14.16.27023\include\iostream(14): note: see declaration of 'std'
c:\users\sofia\documents\inf1010\tp4\plat.h(14): error C7529: multiple using-declarators require at least '/std:c++17'
c:\users\sofia\documents\inf1010\tp4\plat.h(14): error C2873: 'string_view': symbol cannot be used in a using-declaration
c:\users\sofia\documents\inf1010\tp4\plat.h(19): error C2061: syntax error: identifier 'string_view'
c:\users\sofia\documents\inf1010\tp4\menu.h(34): error C2061: syntax error: identifier 'string_view'
c:\users\sofia\documents\inf1010\tp4\menu.cpp(60): error C2660: 'LectureFichierEnSections::allerASection': function does not take 1 arguments
  c:\users\sofia\documents\inf1010\tp4\lecturefichierensections.h(18): note: see declaration of 'LectureFichierEnSections::allerASection'
c:\users\sofia\documents\inf1010\tp4\menu.cpp(76): error C2146: syntax error: missing ')' before identifier 'nom'
c:\users\sofia\documents\inf1010\tp4\menu.cpp(77): error C2143: syntax error: missing ';' before '{'
c:\users\sofia\documents\inf1010\tp4\menu.cpp(77): error C2447: '{': missing function header (old-style formal list?)
c:\users\sofia\documents\inf1010\tp4\menu.cpp(105): error C2440: 'initializing': cannot convert from 'initializer list' to 'Plat'
  c:\users\sofia\documents\inf1010\tp4\menu.cpp(105): note: No constructor could take the source type, or constructor overload resolution was ambiguous
  Plat.cpp
  string_view is only available with C++17 or later.
c:\users\sofia\documents\inf1010\tp4\lecturefichierensections.h(18): error C2061: syntax error: identifier 'string_view'
c:\users\sofia\documents\inf1010\tp4\def.h(6): error C7525: inline variables require at least '/std:c++17'
c:\users\sofia\documents\inf1010\tp4\def.h(6): error C4430: missing type specifier - int assumed. Note: C++ does not support default-int
c:\users\sofia\documents\inf1010\tp4\def.h(6): error C2737: 'string_view': 'constexpr' object must be initialized
c:\users\sofia\documents\inf1010\tp4\def.h(6): error C2146: syntax error: missing ';' before identifier 'nomsDesTypesDeMenu'
c:\users\sofia\documents\inf1010\tp4\def.h(6): error C2440: 'initializing': cannot convert from 'const char [6]' to 'int'
  c:\users\sofia\documents\inf1010\tp4\def.h(6): note: There is no context in which this conversion is possible
c:\users\sofia\documents\inf1010\tp4\def.h(6): error C2440: 'initializing': cannot convert from 'const char [5]' to 'int'
  c:\users\sofia\documents\inf1010\tp4\def.h(6): note: There is no context in which this conversion is possible
c:\users\sofia\documents\inf1010\tp4\def.h(7): error C7525: inline variables require at least '/std:c++17'
c:\users\sofia\documents\inf1010\tp4\def.h(7): error C4430: missing type specifier - int assumed. Note: C++ does not support default-int
c:\users\sofia\documents\inf1010\tp4\def.h(7): error C2737: 'string_view': 'constexpr' object must be initialized
c:\users\sofia\documents\inf1010\tp4\def.h(7): error C2086: 'const int string_view': redefinition
  c:\users\sofia\documents\inf1010\tp4\def.h(6): note: see declaration of 'string_view'
c:\users\sofia\documents\inf1010\tp4\def.h(7): error C2146: syntax error: missing ';' before identifier 'entetesDesTypesDeMenu'
c:\users\sofia\documents\inf1010\tp4\def.h(7): error C2440: 'initializing': cannot convert from 'const char [7]' to 'int'
  c:\users\sofia\documents\inf1010\tp4\def.h(7): note: There is no context in which this conversion is possible
c:\users\sofia\documents\inf1010\tp4\def.h(7): error C2440: 'initializing': cannot convert from 'const char [6]' to 'int'
  c:\users\sofia\documents\inf1010\tp4\def.h(7): note: There is no context in which this conversion is possible
c:\users\sofia\documents\inf1010\tp4\plat.h(14): error C2039: 'string_view': is not a member of 'std'
  c:\program files (x86)\microsoft visual studio\2017\community\vc\tools\msvc\14.16.27023\include\iostream(14): note: see declaration of 'std'
c:\users\sofia\documents\inf1010\tp4\plat.h(14): error C7529: multiple using-declarators require at least '/std:c++17'
c:\users\sofia\documents\inf1010\tp4\plat.h(14): error C2873: 'string_view': symbol cannot be used in a using-declaration
c:\users\sofia\documents\inf1010\tp4\plat.h(19): error C2061: syntax error: identifier 'string_view'
c:\users\sofia\documents\inf1010\tp4\plat.cpp(13): error C2146: syntax error: missing ')' before identifier 'nom'
c:\users\sofia\documents\inf1010\tp4\plat.cpp(13): error C2065: 'nom': undeclared identifier
c:\users\sofia\documents\inf1010\tp4\plat.cpp(13): error C4430: missing type specifier - int assumed. Note: C++ does not support default-int
c:\users\sofia\documents\inf1010\tp4\plat.cpp(13): error C2065: 'prix': undeclared identifier
c:\users\sofia\documents\inf1010\tp4\plat.cpp(13): error C2448: 'cout_': function-style initializer appears to be a function definition
  PlatBio.cpp
  string_view is only available with C++17 or later.
c:\users\sofia\documents\inf1010\tp4\lecturefichierensections.h(18): error C2061: syntax error: identifier 'string_view'
c:\users\sofia\documents\inf1010\tp4\def.h(6): error C7525: inline variables require at least '/std:c++17'
c:\users\sofia\documents\inf1010\tp4\def.h(6): error C4430: missing type specifier - int assumed. Note: C++ does not support default-int
c:\users\sofia\documents\inf1010\tp4\def.h(6): error C2737: 'string_view': 'constexpr' object must be initialized
c:\users\sofia\documents\inf1010\tp4\def.h(6): error C2146: syntax error: missing ';' before identifier 'nomsDesTypesDeMenu'
c:\users\sofia\documents\inf1010\tp4\def.h(6): error C2440: 'initializing': cannot convert from 'const char [6]' to 'int'
  c:\users\sofia\documents\inf1010\tp4\def.h(6): note: There is no context in which this conversion is possible
c:\users\sofia\documents\inf1010\tp4\def.h(6): error C2440: 'initializing': cannot convert from 'const char [5]' to 'int'
  c:\users\sofia\documents\inf1010\tp4\def.h(6): note: There is no context in which this conversion is possible
c:\users\sofia\documents\inf1010\tp4\def.h(7): error C7525: inline variables require at least '/std:c++17'
c:\users\sofia\documents\inf1010\tp4\def.h(7): error C4430: missing type specifier - int assumed. Note: C++ does not support default-int
c:\users\sofia\documents\inf1010\tp4\def.h(7): error C2737: 'string_view': 'constexpr' object must be initialized
c:\users\sofia\documents\inf1010\tp4\def.h(7): error C2086: 'const int string_view': redefinition
  c:\users\sofia\documents\inf1010\tp4\def.h(6): note: see declaration of 'string_view'
c:\users\sofia\documents\inf1010\tp4\def.h(7): error C2146: syntax error: missing ';' before identifier 'entetesDesTypesDeMenu'
c:\users\sofia\documents\inf1010\tp4\def.h(7): error C2440: 'initializing': cannot convert from 'const char [7]' to 'int'
  c:\users\sofia\documents\inf1010\tp4\def.h(7): note: There is no context in which this conversion is possible
c:\users\sofia\documents\inf1010\tp4\def.h(7): error C2440: 'initializing': cannot convert from 'const char [6]' to 'int'
  c:\users\sofia\documents\inf1010\tp4\def.h(7): note: There is no context in which this conversion is possible
c:\users\sofia\documents\inf1010\tp4\plat.h(14): error C2039: 'string_view': is not a member of 'std'
  c:\program files (x86)\microsoft visual studio\2017\community\vc\tools\msvc\14.16.27023\include\sstream(14): note: see declaration of 'std'
c:\users\sofia\documents\inf1010\tp4\plat.h(14): error C7529: multiple using-declarators require at least '/std:c++17'
c:\users\sofia\documents\inf1010\tp4\plat.h(14): error C2873: 'string_view': symbol cannot be used in a using-declaration
c:\users\sofia\documents\inf1010\tp4\plat.h(19): error C2061: syntax error: identifier 'string_view'
c:\users\sofia\documents\inf1010\tp4\platbio.cpp(7): error C2661: 'Plat::Plat': no overloaded function takes 3 arguments
c:\users\sofia\documents\inf1010\tp4\platbio.cpp(33): error C2601: 'PlatBio::afficherPlat': local function definitions are illegal
  c:\users\sofia\documents\inf1010\tp4\platbio.cpp(30): note: this line contains a '{' which has not yet been matched
c:\users\sofia\documents\inf1010\tp4\platbio.cpp(30): fatal error C1075: '{': no matching token found
  PlatBioVege.cpp
  string_view is only available with C++17 or later.
c:\users\sofia\documents\inf1010\tp4\lecturefichierensections.h(18): error C2061: syntax error: identifier 'string_view'
c:\users\sofia\documents\inf1010\tp4\def.h(6): error C7525: inline variables require at least '/std:c++17'
c:\users\sofia\documents\inf1010\tp4\def.h(6): error C4430: missing type specifier - int assumed. Note: C++ does not support default-int
c:\users\sofia\documents\inf1010\tp4\def.h(6): error C2737: 'string_view': 'constexpr' object must be initialized
c:\users\sofia\documents\inf1010\tp4\def.h(6): error C2146: syntax error: missing ';' before identifier 'nomsDesTypesDeMenu'
c:\users\sofia\documents\inf1010\tp4\def.h(6): error C2440: 'initializing': cannot convert from 'const char [6]' to 'int'
  c:\users\sofia\documents\inf1010\tp4\def.h(6): note: There is no context in which this conversion is possible
c:\users\sofia\documents\inf1010\tp4\def.h(6): error C2440: 'initializing': cannot convert from 'const char [5]' to 'int'
  c:\users\sofia\documents\inf1010\tp4\def.h(6): note: There is no context in which this conversion is possible
c:\users\sofia\documents\inf1010\tp4\def.h(7): error C7525: inline variables require at least '/std:c++17'
c:\users\sofia\documents\inf1010\tp4\def.h(7): error C4430: missing type specifier - int assumed. Note: C++ does not support default-int
c:\users\sofia\documents\inf1010\tp4\def.h(7): error C2737: 'string_view': 'constexpr' object must be initialized
c:\users\sofia\documents\inf1010\tp4\def.h(7): error C2086: 'const int string_view': redefinition
  c:\users\sofia\documents\inf1010\tp4\def.h(6): note: see declaration of 'string_view'
c:\users\sofia\documents\inf1010\tp4\def.h(7): error C2146: syntax error: missing ';' before identifier 'entetesDesTypesDeMenu'
c:\users\sofia\documents\inf1010\tp4\def.h(7): error C2440: 'initializing': cannot convert from 'const char [7]' to 'int'
  c:\users\sofia\documents\inf1010\tp4\def.h(7): note: There is no context in which this conversion is possible
c:\users\sofia\documents\inf1010\tp4\def.h(7): error C2440: 'initializing': cannot convert from 'const char [6]' to 'int'
  c:\users\sofia\documents\inf1010\tp4\def.h(7): note: There is no context in which this conversion is possible
c:\users\sofia\documents\inf1010\tp4\plat.h(14): error C2039: 'string_view': is not a member of 'std'
  c:\program files (x86)\microsoft visual studio\2017\community\vc\tools\msvc\14.16.27023\include\sstream(14): note: see declaration of 'std'
c:\users\sofia\documents\inf1010\tp4\plat.h(14): error C7529: multiple using-declarators require at least '/std:c++17'
c:\users\sofia\documents\inf1010\tp4\plat.h(14): error C2873: 'string_view': symbol cannot be used in a using-declaration
c:\users\sofia\documents\inf1010\tp4\plat.h(19): error C2061: syntax error: identifier 'string_view'
c:\users\sofia\documents\inf1010\tp4\platbiovege.cpp(8): error C2512: 'Vege': no appropriate default constructor available
  c:\users\sofia\documents\inf1010\tp4\vege.h(12): note: see declaration of 'Vege'
c:\users\sofia\documents\inf1010\tp4\platbiovege.cpp(21): error C2601: 'PlatBioVege::calculerApportNutritif': local function definitions are illegal
  c:\users\sofia\documents\inf1010\tp4\platbiovege.cpp(18): note: this line contains a '{' which has not yet been matched
c:\users\sofia\documents\inf1010\tp4\platbiovege.cpp(18): fatal error C1075: '{': no matching token found
  PlatVege.cpp
  string_view is only available with C++17 or later.
c:\users\sofia\documents\inf1010\tp4\lecturefichierensections.h(18): error C2061: syntax error: identifier 'string_view'
c:\users\sofia\documents\inf1010\tp4\def.h(6): error C7525: inline variables require at least '/std:c++17'
c:\users\sofia\documents\inf1010\tp4\def.h(6): error C4430: missing type specifier - int assumed. Note: C++ does not support default-int
c:\users\sofia\documents\inf1010\tp4\def.h(6): error C2737: 'string_view': 'constexpr' object must be initialized
c:\users\sofia\documents\inf1010\tp4\def.h(6): error C2146: syntax error: missing ';' before identifier 'nomsDesTypesDeMenu'
c:\users\sofia\documents\inf1010\tp4\def.h(6): error C2440: 'initializing': cannot convert from 'const char [6]' to 'int'
  c:\users\sofia\documents\inf1010\tp4\def.h(6): note: There is no context in which this conversion is possible
c:\users\sofia\documents\inf1010\tp4\def.h(6): error C2440: 'initializing': cannot convert from 'const char [5]' to 'int'
  c:\users\sofia\documents\inf1010\tp4\def.h(6): note: There is no context in which this conversion is possible
c:\users\sofia\documents\inf1010\tp4\def.h(7): error C7525: inline variables require at least '/std:c++17'
c:\users\sofia\documents\inf1010\tp4\def.h(7): error C4430: missing type specifier - int assumed. Note: C++ does not support default-int
c:\users\sofia\documents\inf1010\tp4\def.h(7): error C2737: 'string_view': 'constexpr' object must be initialized
c:\users\sofia\documents\inf1010\tp4\def.h(7): error C2086: 'const int string_view': redefinition
  c:\users\sofia\documents\inf1010\tp4\def.h(6): note: see declaration of 'string_view'
c:\users\sofia\documents\inf1010\tp4\def.h(7): error C2146: syntax error: missing ';' before identifier 'entetesDesTypesDeMenu'
c:\users\sofia\documents\inf1010\tp4\def.h(7): error C2440: 'initializing': cannot convert from 'const char [7]' to 'int'
  c:\users\sofia\documents\inf1010\tp4\def.h(7): note: There is no context in which this conversion is possible
c:\users\sofia\documents\inf1010\tp4\def.h(7): error C2440: 'initializing': cannot convert from 'const char [6]' to 'int'
  c:\users\sofia\documents\inf1010\tp4\def.h(7): note: There is no context in which this conversion is possible
c:\users\sofia\documents\inf1010\tp4\plat.h(14): error C2039: 'string_view': is not a member of 'std'
  c:\program files (x86)\microsoft visual studio\2017\community\vc\tools\msvc\14.16.27023\include\sstream(14): note: see declaration of 'std'
c:\users\sofia\documents\inf1010\tp4\plat.h(14): error C7529: multiple using-declarators require at least '/std:c++17'
c:\users\sofia\documents\inf1010\tp4\plat.h(14): error C2873: 'string_view': symbol cannot be used in a using-declaration
c:\users\sofia\documents\inf1010\tp4\plat.h(19): error C2061: syntax error: identifier 'string_view'
c:\users\sofia\documents\inf1010\tp4\platvege.cpp(11): error C2512: 'Vege': no appropriate default constructor available
  c:\users\sofia\documents\inf1010\tp4\vege.h(12): note: see declaration of 'Vege'
  Restaurant.cpp
  string_view is only available with C++17 or later.
c:\users\sofia\documents\inf1010\tp4\lecturefichierensections.h(18): error C2061: syntax error: identifier 'string_view'
c:\users\sofia\documents\inf1010\tp4\def.h(6): error C7525: inline variables require at least '/std:c++17'
c:\users\sofia\documents\inf1010\tp4\def.h(6): error C4430: missing type specifier - int assumed. Note: C++ does not support default-int
c:\users\sofia\documents\inf1010\tp4\def.h(6): error C2737: 'string_view': 'constexpr' object must be initialized
c:\users\sofia\documents\inf1010\tp4\def.h(6): error C2146: syntax error: missing ';' before identifier 'nomsDesTypesDeMenu'
c:\users\sofia\documents\inf1010\tp4\def.h(6): error C2440: 'initializing': cannot convert from 'const char [6]' to 'int'
  c:\users\sofia\documents\inf1010\tp4\def.h(6): note: There is no context in which this conversion is possible
c:\users\sofia\documents\inf1010\tp4\def.h(6): error C2440: 'initializing': cannot convert from 'const char [5]' to 'int'
  c:\users\sofia\documents\inf1010\tp4\def.h(6): note: There is no context in which this conversion is possible
c:\users\sofia\documents\inf1010\tp4\def.h(7): error C7525: inline variables require at least '/std:c++17'
c:\users\sofia\documents\inf1010\tp4\def.h(7): error C4430: missing type specifier - int assumed. Note: C++ does not support default-int
c:\users\sofia\documents\inf1010\tp4\def.h(7): error C2737: 'string_view': 'constexpr' object must be initialized
c:\users\sofia\documents\inf1010\tp4\def.h(7): error C2086: 'const int string_view': redefinition
  c:\users\sofia\documents\inf1010\tp4\def.h(6): note: see declaration of 'string_view'
c:\users\sofia\documents\inf1010\tp4\def.h(7): error C2146: syntax error: missing ';' before identifier 'entetesDesTypesDeMenu'
c:\users\sofia\documents\inf1010\tp4\def.h(7): error C2440: 'initializing': cannot convert from 'const char [7]' to 'int'
  c:\users\sofia\documents\inf1010\tp4\def.h(7): note: There is no context in which this conversion is possible
c:\users\sofia\documents\inf1010\tp4\def.h(7): error C2440: 'initializing': cannot convert from 'const char [6]' to 'int'
  c:\users\sofia\documents\inf1010\tp4\def.h(7): note: There is no context in which this conversion is possible
c:\users\sofia\documents\inf1010\tp4\plat.h(14): error C2039: 'string_view': is not a member of 'std'
  c:\program files (x86)\microsoft visual studio\2017\community\vc\tools\msvc\14.16.27023\include\iostream(14): note: see declaration of 'std'
c:\users\sofia\documents\inf1010\tp4\plat.h(14): error C7529: multiple using-declarators require at least '/std:c++17'
c:\users\sofia\documents\inf1010\tp4\plat.h(14): error C2873: 'string_view': symbol cannot be used in a using-declaration
c:\users\sofia\documents\inf1010\tp4\plat.h(19): error C2061: syntax error: identifier 'string_view'
c:\users\sofia\documents\inf1010\tp4\menu.h(34): error C2061: syntax error: identifier 'string_view'
c:\users\sofia\documents\inf1010\tp4\client.h(10): error C2039: 'string_view': is not a member of 'std'
  c:\program files (x86)\microsoft visual studio\2017\community\vc\tools\msvc\14.16.27023\include\vector(20): note: see declaration of 'std'
c:\users\sofia\documents\inf1010\tp4\client.h(10): error C7529: multiple using-declarators require at least '/std:c++17'
c:\users\sofia\documents\inf1010\tp4\client.h(10): error C2873: 'string_view': symbol cannot be used in a using-declaration
c:\users\sofia\documents\inf1010\tp4\client.h(18): error C2061: syntax error: identifier 'string_view'
c:\users\sofia\documents\inf1010\tp4\client.h(18): error C2535: 'Client::Client(void)': member function already defined or declared
  c:\users\sofia\documents\inf1010\tp4\client.h(17): note: see declaration of 'Client::Client'
c:\users\sofia\documents\inf1010\tp4\clientregulier.h(16): error C2061: syntax error: identifier 'string_view'
c:\users\sofia\documents\inf1010\tp4\clientregulier.h(16): error C2535: 'ClientRegulier::ClientRegulier(void)': member function already defined or declared
  c:\users\sofia\documents\inf1010\tp4\clientregulier.h(15): note: see declaration of 'ClientRegulier::ClientRegulier'
c:\users\sofia\documents\inf1010\tp4\clientprestige.h(15): error C2061: syntax error: identifier 'string_view'
c:\users\sofia\documents\inf1010\tp4\clientprestige.h(15): error C2535: 'ClientPrestige::ClientPrestige(void)': member function already defined or declared
  c:\users\sofia\documents\inf1010\tp4\clientprestige.h(14): note: see declaration of 'ClientPrestige::ClientPrestige'
c:\users\sofia\documents\inf1010\tp4\restaurant.h(26): error C2061: syntax error: identifier 'string_view'
c:\users\sofia\documents\inf1010\tp4\restaurant.h(36): error C2061: syntax error: identifier 'string_view'
c:\users\sofia\documents\inf1010\tp4\restaurant.h(52): error C2061: syntax error: identifier 'string_view'
c:\users\sofia\documents\inf1010\tp4\restaurant.cpp(14): error C2661: 'Restaurant::Restaurant': no overloaded function takes 3 arguments
c:\users\sofia\documents\inf1010\tp4\restaurant.cpp(18): error C2061: syntax error: identifier 'string_view'
c:\users\sofia\documents\inf1010\tp4\restaurant.cpp(19): error C2065: 'nom': undeclared identifier
c:\users\sofia\documents\inf1010\tp4\restaurant.cpp(20): error C2065: 'moment': undeclared identifier
c:\users\sofia\documents\inf1010\tp4\restaurant.cpp(49): error C2146: syntax error: missing ')' before identifier 'nom'
c:\users\sofia\documents\inf1010\tp4\restaurant.cpp(50): error C2143: syntax error: missing ';' before '{'
c:\users\sofia\documents\inf1010\tp4\restaurant.cpp(50): error C2447: '{': missing function header (old-style formal list?)
c:\users\sofia\documents\inf1010\tp4\restaurant.cpp(112): error C2146: syntax error: missing ')' before identifier 'nom'
c:\users\sofia\documents\inf1010\tp4\restaurant.cpp(113): error C2143: syntax error: missing ';' before '{'
c:\users\sofia\documents\inf1010\tp4\restaurant.cpp(113): error C2447: '{': missing function header (old-style formal list?)
c:\users\sofia\documents\inf1010\tp4\restaurant.cpp(130): error C2660: 'LectureFichierEnSections::allerASection': function does not take 1 arguments
  c:\users\sofia\documents\inf1010\tp4\lecturefichierensections.h(18): note: see declaration of 'LectureFichierEnSections::allerASection'
c:\users\sofia\documents\inf1010\tp4\restaurant.cpp(167): error C2683: 'dynamic_cast': 'Client' is not a polymorphic type
  c:\users\sofia\documents\inf1010\tp4\restaurant.h(19): note: see declaration of 'Client'
c:\users\sofia\documents\inf1010\tp4\restaurant.cpp(172): error C2660: 'Restaurant::commanderPlat': function does not take 2 arguments
  c:\users\sofia\documents\inf1010\tp4\restaurant.h(52): note: see declaration of 'Restaurant::commanderPlat'
c:\users\sofia\documents\inf1010\tp4\restaurant.cpp(220): error C2660: 'LectureFichierEnSections::allerASection': function does not take 1 arguments
  c:\users\sofia\documents\inf1010\tp4\lecturefichierensections.h(18): note: see declaration of 'LectureFichierEnSections::allerASection'
c:\users\sofia\documents\inf1010\tp4\restaurant.cpp(234): error C2398: Element '1': conversion from 'int' to '_Elem' requires a narrowing conversion
          with
          [
              _Elem=char
          ]
  Table.cpp
  string_view is only available with C++17 or later.
c:\users\sofia\documents\inf1010\tp4\lecturefichierensections.h(18): error C2061: syntax error: identifier 'string_view'
c:\users\sofia\documents\inf1010\tp4\def.h(6): error C7525: inline variables require at least '/std:c++17'
c:\users\sofia\documents\inf1010\tp4\def.h(6): error C4430: missing type specifier - int assumed. Note: C++ does not support default-int
c:\users\sofia\documents\inf1010\tp4\def.h(6): error C2737: 'string_view': 'constexpr' object must be initialized
c:\users\sofia\documents\inf1010\tp4\def.h(6): error C2146: syntax error: missing ';' before identifier 'nomsDesTypesDeMenu'
c:\users\sofia\documents\inf1010\tp4\def.h(6): error C2440: 'initializing': cannot convert from 'const char [6]' to 'int'
  c:\users\sofia\documents\inf1010\tp4\def.h(6): note: There is no context in which this conversion is possible
c:\users\sofia\documents\inf1010\tp4\def.h(6): error C2440: 'initializing': cannot convert from 'const char [5]' to 'int'
  c:\users\sofia\documents\inf1010\tp4\def.h(6): note: There is no context in which this conversion is possible
c:\users\sofia\documents\inf1010\tp4\def.h(7): error C7525: inline variables require at least '/std:c++17'
c:\users\sofia\documents\inf1010\tp4\def.h(7): error C4430: missing type specifier - int assumed. Note: C++ does not support default-int
c:\users\sofia\documents\inf1010\tp4\def.h(7): error C2737: 'string_view': 'constexpr' object must be initialized
c:\users\sofia\documents\inf1010\tp4\def.h(7): error C2086: 'const int string_view': redefinition
  c:\users\sofia\documents\inf1010\tp4\def.h(6): note: see declaration of 'string_view'
c:\users\sofia\documents\inf1010\tp4\def.h(7): error C2146: syntax error: missing ';' before identifier 'entetesDesTypesDeMenu'
c:\users\sofia\documents\inf1010\tp4\def.h(7): error C2440: 'initializing': cannot convert from 'const char [7]' to 'int'
  c:\users\sofia\documents\inf1010\tp4\def.h(7): note: There is no context in which this conversion is possible
c:\users\sofia\documents\inf1010\tp4\def.h(7): error C2440: 'initializing': cannot convert from 'const char [6]' to 'int'
  c:\users\sofia\documents\inf1010\tp4\def.h(7): note: There is no context in which this conversion is possible
c:\users\sofia\documents\inf1010\tp4\plat.h(14): error C2039: 'string_view': is not a member of 'std'
  c:\program files (x86)\microsoft visual studio\2017\community\vc\tools\msvc\14.16.27023\include\iostream(14): note: see declaration of 'std'
c:\users\sofia\documents\inf1010\tp4\plat.h(14): error C7529: multiple using-declarators require at least '/std:c++17'
c:\users\sofia\documents\inf1010\tp4\plat.h(14): error C2873: 'string_view': symbol cannot be used in a using-declaration
c:\users\sofia\documents\inf1010\tp4\plat.h(19): error C2061: syntax error: identifier 'string_view'
c:\users\sofia\documents\inf1010\tp4\menu.h(34): error C2061: syntax error: identifier 'string_view'
c:\users\sofia\documents\inf1010\tp4\clientregulier.h(13): error C2504: 'Client': base class undefined
c:\users\sofia\documents\inf1010\tp4\clientregulier.h(16): error C2061: syntax error: identifier 'string_view'
c:\users\sofia\documents\inf1010\tp4\clientregulier.h(16): error C2535: 'ClientRegulier::ClientRegulier(void)': member function already defined or declared
  c:\users\sofia\documents\inf1010\tp4\clientregulier.h(15): note: see declaration of 'ClientRegulier::ClientRegulier'
c:\users\sofia\documents\inf1010\tp4\clientprestige.h(15): error C2061: syntax error: identifier 'string_view'
c:\users\sofia\documents\inf1010\tp4\clientprestige.h(15): error C2535: 'ClientPrestige::ClientPrestige(void)': member function already defined or declared
  c:\users\sofia\documents\inf1010\tp4\clientprestige.h(14): note: see declaration of 'ClientPrestige::ClientPrestige'
c:\users\sofia\documents\inf1010\tp4\restaurant.h(26): error C2061: syntax error: identifier 'string_view'
c:\users\sofia\documents\inf1010\tp4\restaurant.h(36): error C2061: syntax error: identifier 'string_view'
c:\users\sofia\documents\inf1010\tp4\restaurant.h(52): error C2061: syntax error: identifier 'string_view'
c:\users\sofia\documents\inf1010\tp4\client.h(10): error C2039: 'string_view': is not a member of 'std'
  c:\program files (x86)\microsoft visual studio\2017\community\vc\tools\msvc\14.16.27023\include\vector(20): note: see declaration of 'std'
c:\users\sofia\documents\inf1010\tp4\client.h(10): error C7529: multiple using-declarators require at least '/std:c++17'
c:\users\sofia\documents\inf1010\tp4\client.h(10): error C2873: 'string_view': symbol cannot be used in a using-declaration
c:\users\sofia\documents\inf1010\tp4\client.h(18): error C2061: syntax error: identifier 'string_view'
c:\users\sofia\documents\inf1010\tp4\client.h(18): error C2535: 'Client::Client(void)': member function already defined or declared
  c:\users\sofia\documents\inf1010\tp4\client.h(17): note: see declaration of 'Client::Client'
  Generating Code...
